c:\code\repos\hazel\hazel\bin\debug-x64\sandbox\sandbox.lib
c:\code\repos\hazel\hazel\bin\debug-x64\sandbox\sandbox.exp
c:\code\repos\hazel\hazel\bin-int\debug-x64\sandbox\application.obj
c:\code\repos\hazel\hazel\bin-int\debug-x64\sandbox\vc142.idb
c:\code\repos\hazel\hazel\bin-int\debug-x64\sandbox\vc142.pdb
c:\code\repos\hazel\hazel\bin\debug-x64\sandbox\sandbox.pdb
c:\code\repos\hazel\hazel\bin-int\debug-x64\sandbox\sandbox.tlog\cl.command.1.tlog
c:\code\repos\hazel\hazel\bin-int\debug-x64\sandbox\sandbox.tlog\link-cvtres.read.1.tlog
c:\code\repos\hazel\hazel\bin-int\debug-x64\sandbox\sandbox.tlog\link-cvtres.write.1.tlog
c:\code\repos\hazel\hazel\bin-int\debug-x64\sandbox\sandbox.tlog\link-rc.read.1.tlog
c:\code\repos\hazel\hazel\bin-int\debug-x64\sandbox\sandbox.tlog\link-rc.write.1.tlog
c:\code\repos\hazel\hazel\bin-int\debug-x64\sandbox\sandbox.tlog\link.1844-cvtres.read.1.tlog
c:\code\repos\hazel\hazel\bin-int\debug-x64\sandbox\sandbox.tlog\link.1844-cvtres.write.1.tlog
c:\code\repos\hazel\hazel\bin-int\debug-x64\sandbox\sandbox.tlog\link.1844-rc.read.1.tlog
c:\code\repos\hazel\hazel\bin-int\debug-x64\sandbox\sandbox.tlog\link.1844-rc.write.1.tlog
c:\code\repos\hazel\hazel\bin-int\debug-x64\sandbox\sandbox.tlog\link.1844.delete.1.tlog
c:\code\repos\hazel\hazel\bin-int\debug-x64\sandbox\sandbox.tlog\link.1844.read.1.tlog
c:\code\repos\hazel\hazel\bin-int\debug-x64\sandbox\sandbox.tlog\link.1844.write.1.tlog
c:\code\repos\hazel\hazel\bin-int\debug-x64\sandbox\sandbox.tlog\link.command.1.tlog
c:\code\repos\hazel\hazel\bin-int\debug-x64\sandbox\sandbox.tlog\link.read.1.tlog
c:\code\repos\hazel\hazel\bin-int\debug-x64\sandbox\sandbox.tlog\link.write.1.tlog
c:\code\repos\hazel\hazel\bin-int\debug-x64\sandbox\sandbox.tlog\sandbox.write.1u.tlog
